#
# There is insufficient memory for the Java Runtime Environment to continue.
# Native memory allocation (malloc) failed to allocate 32744 bytes for ChunkPool::allocate
# Possible reasons:
#   The system is out of physical RAM or swap space
#   The process is running with CompressedOops enabled, and the Java Heap may be blocking the growth of the native heap
# Possible solutions:
#   Reduce memory load on the system
#   Increase physical memory or swap space
#   Check if swap backing store is full
#   Decrease Java heap size (-Xmx/-Xms)
#   Decrease number of Java threads
#   Decrease Java thread stack sizes (-Xss)
#   Set larger code cache with -XX:ReservedCodeCacheSize=
#   JVM is running with Unscaled Compressed Oops mode in which the Java heap is
#     placed in the first 4GB address space. The Java Heap base address is the
#     maximum limit for the native heap growth. Please use -XX:HeapBaseMinAddress
#     to set the Java Heap base and to place the Java Heap above 4GB virtual address.
# This output file may be truncated or incomplete.
#
#  Out of Memory Error (arena.cpp:78), pid=2924, tid=23980
#
# JRE version: OpenJDK Runtime Environment Temurin-17.0.5+8 (17.0.5+8) (build 17.0.5+8)
# Java VM: OpenJDK 64-Bit Server VM Temurin-17.0.5+8 (17.0.5+8, mixed mode, tiered, compressed oops, compressed class ptrs, g1 gc, windows-amd64)
# No core dump will be written. Minidumps are not enabled by default on client versions of Windows
#

---------------  S U M M A R Y ------------

Command Line: -Dfile.encoding=UTF-8 -XX:+ShowCodeDetailsInExceptionMessages com.example.electricityBillingSystem.ElectricityBillingSystemApplication

Host: AMD Ryzen 5 PRO 3500U w/ Radeon Vega Mobile Gfx, 8 cores, 5G,  Windows 11 , 64 bit Build 22621 (10.0.22621.2070)
Time: Tue Sep 12 11:14:47 2023 India Standard Time elapsed time: 57.535813 seconds (0d 0h 0m 57s)

---------------  T H R E A D  ---------------

Current thread (0x000001e82a83e370):  JavaThread "C2 CompilerThread0" daemon [_thread_in_native, id=23980, stack(0x0000007e4f400000,0x0000007e4f500000)]


Current CompileTask:
C2:  57536 6940       4       jdk.internal.org.objectweb.asm.Frame::execute (2305 bytes)

Stack: [0x0000007e4f400000,0x0000007e4f500000]
Native frames: (J=compiled Java code, j=interpreted, Vv=VM code, C=native code)
V  [jvm.dll+0x676b3a]
V  [jvm.dll+0x831444]
V  [jvm.dll+0x832bee]
V  [jvm.dll+0x833253]
V  [jvm.dll+0x244ce5]
V  [jvm.dll+0xabdcc]
V  [jvm.dll+0xac17c]
V  [jvm.dll+0x33d370]
V  [jvm.dll+0x686386]
V  [jvm.dll+0x684442]
V  [jvm.dll+0x1a668c]
V  [jvm.dll+0x2aaf94]
V  [jvm.dll+0x68ee27]
V  [jvm.dll+0x686f0b]
V  [jvm.dll+0x686547]
V  [jvm.dll+0x684442]
V  [jvm.dll+0x1a668c]
V  [jvm.dll+0x1a7256]
V  [jvm.dll+0x2aaf94]
V  [jvm.dll+0x68ee27]
V  [jvm.dll+0x686f0b]
V  [jvm.dll+0x686547]
V  [jvm.dll+0x684442]
V  [jvm.dll+0x1a668c]
V  [jvm.dll+0x216b38]
V  [jvm.dll+0x1a343d]
V  [jvm.dll+0x22698a]
V  [jvm.dll+0x224ac5]
V  [jvm.dll+0x7e727b]
V  [jvm.dll+0x7e17ea]
V  [jvm.dll+0x6759e5]
C  [ucrtbase.dll+0x29363]
C  [KERNEL32.DLL+0x126ad]
C  [ntdll.dll+0x5aa68]


---------------  P R O C E S S  ---------------

Threads class SMR info:
_java_thread_list=0x000001e82ea1a4e0, length=36, elements={
0x000001e82a813020, 0x000001e82a8145f0, 0x000001e82a833410, 0x000001e82a835de0,
0x000001e82a839040, 0x000001e82a8399f0, 0x000001e82a83e370, 0x000001e82a895030,
0x000001e82a8b8610, 0x000001e82aadc700, 0x000001e82aae4ea0, 0x000001e82dcbfb10,
0x000001e82e68fd10, 0x000001e82c360680, 0x000001e82e976040, 0x000001e82dcfb0e0,
0x000001e82b98bd80, 0x000001e82b98d0c0, 0x000001e82b98cbf0, 0x000001e82b98da60,
0x000001e82b98df30, 0x000001e82b98e400, 0x000001e82b98b3e0, 0x000001e82b98aa40,
0x000001e82b98af10, 0x000001e82b98b8b0, 0x000001e8302a20c0, 0x000001e8302a2590,
0x000001e8302a38d0, 0x000001e8302a1bf0, 0x000001e8302a50e0, 0x000001e8302a2a60,
0x000001e8302a2f30, 0x000001e8302a3400, 0x000001e8302a4740, 0x000001e8302a55b0
}

Java Threads: ( => current thread )
  0x000001e82a813020 JavaThread "Reference Handler" daemon [_thread_blocked, id=26652, stack(0x0000007e4ee00000,0x0000007e4ef00000)]
  0x000001e82a8145f0 JavaThread "Finalizer" daemon [_thread_blocked, id=33604, stack(0x0000007e4ef00000,0x0000007e4f000000)]
  0x000001e82a833410 JavaThread "Signal Dispatcher" daemon [_thread_blocked, id=22844, stack(0x0000007e4f000000,0x0000007e4f100000)]
  0x000001e82a835de0 JavaThread "Attach Listener" daemon [_thread_blocked, id=31140, stack(0x0000007e4f100000,0x0000007e4f200000)]
  0x000001e82a839040 JavaThread "Service Thread" daemon [_thread_blocked, id=10492, stack(0x0000007e4f200000,0x0000007e4f300000)]
  0x000001e82a8399f0 JavaThread "Monitor Deflation Thread" daemon [_thread_blocked, id=25228, stack(0x0000007e4f300000,0x0000007e4f400000)]
=>0x000001e82a83e370 JavaThread "C2 CompilerThread0" daemon [_thread_in_native, id=23980, stack(0x0000007e4f400000,0x0000007e4f500000)]
  0x000001e82a895030 JavaThread "C1 CompilerThread0" daemon [_thread_blocked, id=32944, stack(0x0000007e4f500000,0x0000007e4f600000)]
  0x000001e82a8b8610 JavaThread "Sweeper thread" daemon [_thread_blocked, id=33424, stack(0x0000007e4f600000,0x0000007e4f700000)]
  0x000001e82aadc700 JavaThread "Notification Thread" daemon [_thread_blocked, id=31380, stack(0x0000007e4f700000,0x0000007e4f800000)]
  0x000001e82aae4ea0 JavaThread "Common-Cleaner" daemon [_thread_blocked, id=30704, stack(0x0000007e4f900000,0x0000007e4fa00000)]
  0x000001e82dcbfb10 JavaThread "Catalina-utility-1" [_thread_blocked, id=10464, stack(0x0000007e50000000,0x0000007e50100000)]
  0x000001e82e68fd10 JavaThread "Catalina-utility-2" [_thread_blocked, id=32156, stack(0x0000007e50500000,0x0000007e50600000)]
  0x000001e82c360680 JavaThread "container-0" [_thread_blocked, id=32444, stack(0x0000007e50600000,0x0000007e50700000)]
  0x000001e82e976040 JavaThread "PostgreSQL-JDBC-Cleaner" daemon [_thread_blocked, id=32344, stack(0x0000007e50800000,0x0000007e50900000)]
  0x000001e82dcfb0e0 JavaThread "HikariPool-1 housekeeper" daemon [_thread_blocked, id=23568, stack(0x0000007e50900000,0x0000007e50a00000)]
  0x000001e82b98bd80 JavaThread "File Watcher" daemon [_thread_blocked, id=31764, stack(0x0000007e50a00000,0x0000007e50b00000)]
  0x000001e82b98d0c0 JavaThread "Live Reload Server" daemon [_thread_in_native, id=32736, stack(0x0000007e50c00000,0x0000007e50d00000)]
  0x000001e82b98cbf0 JavaThread "spring.cloud.inetutils" daemon [_thread_blocked, id=23100, stack(0x0000007e50d00000,0x0000007e50e00000)]
  0x000001e82b98da60 JavaThread "AsyncResolver-bootstrap-0" daemon [_thread_blocked, id=1500, stack(0x0000007e50e00000,0x0000007e50f00000)]
  0x000001e82b98df30 JavaThread "DiscoveryClient-0" daemon [_thread_blocked, id=23936, stack(0x0000007e4e400000,0x0000007e4e500000)]
  0x000001e82b98e400 JavaThread "DiscoveryClient-1" daemon [_thread_blocked, id=21128, stack(0x0000007e4e500000,0x0000007e4e600000)]
  0x000001e82b98b3e0 JavaThread "DiscoveryClient-InstanceInfoReplicator-0" daemon [_thread_blocked, id=30280, stack(0x0000007e4e600000,0x0000007e4e700000)]
  0x000001e82b98aa40 JavaThread "http-nio-8086-exec-1" daemon [_thread_in_vm, id=16956, stack(0x0000007e50f00000,0x0000007e51000000)]
  0x000001e82b98af10 JavaThread "http-nio-8086-exec-2" daemon [_thread_blocked, id=29780, stack(0x0000007e51000000,0x0000007e51100000)]
  0x000001e82b98b8b0 JavaThread "http-nio-8086-exec-3" daemon [_thread_blocked, id=28100, stack(0x0000007e51100000,0x0000007e51200000)]
  0x000001e8302a20c0 JavaThread "http-nio-8086-exec-4" daemon [_thread_blocked, id=28208, stack(0x0000007e51200000,0x0000007e51300000)]
  0x000001e8302a2590 JavaThread "http-nio-8086-exec-5" daemon [_thread_blocked, id=28500, stack(0x0000007e51300000,0x0000007e51400000)]
  0x000001e8302a38d0 JavaThread "http-nio-8086-exec-6" daemon [_thread_blocked, id=5960, stack(0x0000007e51400000,0x0000007e51500000)]
  0x000001e8302a1bf0 JavaThread "http-nio-8086-exec-7" daemon [_thread_blocked, id=24560, stack(0x0000007e51500000,0x0000007e51600000)]
  0x000001e8302a50e0 JavaThread "http-nio-8086-exec-8" daemon [_thread_blocked, id=23152, stack(0x0000007e51600000,0x0000007e51700000)]
  0x000001e8302a2a60 JavaThread "http-nio-8086-exec-9" daemon [_thread_blocked, id=33436, stack(0x0000007e51700000,0x0000007e51800000)]
  0x000001e8302a2f30 JavaThread "http-nio-8086-exec-10" daemon [_thread_blocked, id=19476, stack(0x0000007e51800000,0x0000007e51900000)]
  0x000001e8302a3400 JavaThread "http-nio-8086-Poller" daemon [_thread_in_native, id=6280, stack(0x0000007e51900000,0x0000007e51a00000)]
  0x000001e8302a4740 JavaThread "http-nio-8086-Acceptor" daemon [_thread_in_native, id=27952, stack(0x0000007e51a00000,0x0000007e51b00000)]
  0x000001e8302a55b0 JavaThread "DestroyJavaVM" [_thread_blocked, id=33080, stack(0x0000007e4e700000,0x0000007e4e800000)]

Other Threads:
  0x000001e829bf3450 VMThread "VM Thread" [stack: 0x0000007e4ed00000,0x0000007e4ee00000] [id=12660]
  0x000001e82aadcbd0 WatcherThread [stack: 0x0000007e4f800000,0x0000007e4f900000] [id=14920]
  0x000001e810fa1fd0 GCTaskThread "GC Thread#0" [stack: 0x0000007e4e800000,0x0000007e4e900000] [id=16512]
  0x000001e82b29f6a0 GCTaskThread "GC Thread#1" [stack: 0x0000007e4fa00000,0x0000007e4fb00000] [id=24200]
  0x000001e82b59d1d0 GCTaskThread "GC Thread#2" [stack: 0x0000007e4fb00000,0x0000007e4fc00000] [id=31776]
  0x000001e82aed01d0 GCTaskThread "GC Thread#3" [stack: 0x0000007e4fc00000,0x0000007e4fd00000] [id=31840]
  0x000001e82aed0890 GCTaskThread "GC Thread#4" [stack: 0x0000007e4fd00000,0x0000007e4fe00000] [id=12640]
  0x000001e82bc8b790 GCTaskThread "GC Thread#5" [stack: 0x0000007e50100000,0x0000007e50200000] [id=24876]
  0x000001e82bc38400 GCTaskThread "GC Thread#6" [stack: 0x0000007e50200000,0x0000007e50300000] [id=27932]
  0x000001e82b98a5e0 GCTaskThread "GC Thread#7" [stack: 0x0000007e50300000,0x0000007e50400000] [id=28228]
  0x000001e810fafd20 ConcurrentGCThread "G1 Main Marker" [stack: 0x0000007e4e900000,0x0000007e4ea00000] [id=18344]
  0x000001e810fb0730 ConcurrentGCThread "G1 Conc#0" [stack: 0x0000007e4ea00000,0x0000007e4eb00000] [id=27884]
  0x000001e82c2a9240 ConcurrentGCThread "G1 Conc#1" [stack: 0x0000007e50400000,0x0000007e50500000] [id=27772]
  0x000001e810fedb00 ConcurrentGCThread "G1 Refine#0" [stack: 0x0000007e4eb00000,0x0000007e4ec00000] [id=33584]
  0x000001e82e834ee0 ConcurrentGCThread "G1 Refine#1" [stack: 0x0000007e50b00000,0x0000007e50c00000] [id=29628]
  0x000001e810fee520 ConcurrentGCThread "G1 Service" [stack: 0x0000007e4ec00000,0x0000007e4ed00000] [id=32504]

Threads with active compile tasks:
C2 CompilerThread0    57627 6940       4       jdk.internal.org.objectweb.asm.Frame::execute (2305 bytes)

VM state: not at safepoint (normal execution)

VM Mutex/Monitor currently owned by a thread:  ([mutex/lock_event])
[0x000001e810f49a90] Metaspace_lock - owner thread: 0x000001e82b98aa40

Heap address: 0x00000000a1000000, size: 1520 MB, Compressed Oops mode: 32-bit

CDS archive(s) not mapped
Compressed class space mapped at: 0x0000000100000000-0x0000000140000000, reserved size: 1073741824
Narrow klass base: 0x0000000000000000, Narrow klass shift: 3, Narrow klass range: 0x140000000

GC Precious Log:
 CPUs: 8 total, 8 available
 Memory: 6077M
 Large Page Support: Disabled
 NUMA Support: Disabled
 Compressed Oops: Enabled (32-bit)
 Heap Region Size: 1M
 Heap Min Capacity: 8M
 Heap Initial Capacity: 96M
 Heap Max Capacity: 1520M
 Pre-touch: Disabled
 Parallel Workers: 8
 Concurrent Workers: 2
 Concurrent Refinement Workers: 8
 Periodic GC: Disabled

Heap:
 garbage-first heap   total 190464K, used 125634K [0x00000000a1000000, 0x0000000100000000)
  region size 1024K, 55 young (56320K), 8 survivors (8192K)
 Metaspace       used 81485K, committed 81984K, reserved 1122304K
  class space    used 10624K, committed 10880K, reserved 1048576K

Heap Regions: E=young(eden), S=young(survivor), O=old, HS=humongous(starts), HC=humongous(continues), CS=collection set, F=free, OA=open archive, CA=closed archive, TAMS=top-at-mark-start (previous, next)
|   0|0x00000000a1000000, 0x00000000a1100000, 0x00000000a1100000|100%|HS|  |TAMS 0x00000000a1100000, 0x00000000a1000000| Complete 
|   1|0x00000000a1100000, 0x00000000a1200000, 0x00000000a1200000|100%| O|  |TAMS 0x00000000a1200000, 0x00000000a1100000| Untracked 
|   2|0x00000000a1200000, 0x00000000a1300000, 0x00000000a1300000|100%| O|  |TAMS 0x00000000a1300000, 0x00000000a1200000| Untracked 
|   3|0x00000000a1300000, 0x00000000a1400000, 0x00000000a1400000|100%| O|  |TAMS 0x00000000a1400000, 0x00000000a1300000| Untracked 
|   4|0x00000000a1400000, 0x00000000a1500000, 0x00000000a1500000|100%| O|  |TAMS 0x00000000a1500000, 0x00000000a1400000| Untracked 
|   5|0x00000000a1500000, 0x00000000a1600000, 0x00000000a1600000|100%| O|  |TAMS 0x00000000a1600000, 0x00000000a1500000| Untracked 
|   6|0x00000000a1600000, 0x00000000a1700000, 0x00000000a1700000|100%| O|  |TAMS 0x00000000a1700000, 0x00000000a1600000| Untracked 
|   7|0x00000000a1700000, 0x00000000a1800000, 0x00000000a1800000|100%| O|  |TAMS 0x00000000a1800000, 0x00000000a1700000| Untracked 
|   8|0x00000000a1800000, 0x00000000a1900000, 0x00000000a1900000|100%| O|  |TAMS 0x00000000a1900000, 0x00000000a1800000| Untracked 
|   9|0x00000000a1900000, 0x00000000a1a00000, 0x00000000a1a00000|100%| O|  |TAMS 0x00000000a1a00000, 0x00000000a1900000| Untracked 
|  10|0x00000000a1a00000, 0x00000000a1b00000, 0x00000000a1b00000|100%| O|  |TAMS 0x00000000a1b00000, 0x00000000a1a00000| Untracked 
|  11|0x00000000a1b00000, 0x00000000a1c00000, 0x00000000a1c00000|100%| O|  |TAMS 0x00000000a1c00000, 0x00000000a1b00000| Untracked 
|  12|0x00000000a1c00000, 0x00000000a1d00000, 0x00000000a1d00000|100%| O|  |TAMS 0x00000000a1d00000, 0x00000000a1c00000| Untracked 
|  13|0x00000000a1d00000, 0x00000000a1e00000, 0x00000000a1e00000|100%| O|  |TAMS 0x00000000a1d00000, 0x00000000a1d00000| Untracked 
|  14|0x00000000a1e00000, 0x00000000a1f00000, 0x00000000a1f00000|100%| O|  |TAMS 0x00000000a1f00000, 0x00000000a1e00000| Untracked 
|  15|0x00000000a1f00000, 0x00000000a2000000, 0x00000000a2000000|100%| O|  |TAMS 0x00000000a2000000, 0x00000000a1f00000| Untracked 
|  16|0x00000000a2000000, 0x00000000a2100000, 0x00000000a2100000|100%| O|  |TAMS 0x00000000a2100000, 0x00000000a2000000| Untracked 
|  17|0x00000000a2100000, 0x00000000a2200000, 0x00000000a2200000|100%| O|  |TAMS 0x00000000a2200000, 0x00000000a2100000| Untracked 
|  18|0x00000000a2200000, 0x00000000a2300000, 0x00000000a2300000|100%| O|  |TAMS 0x00000000a2300000, 0x00000000a2200000| Untracked 
|  19|0x00000000a2300000, 0x00000000a2400000, 0x00000000a2400000|100%| O|  |TAMS 0x00000000a2400000, 0x00000000a2300000| Untracked 
|  20|0x00000000a2400000, 0x00000000a2500000, 0x00000000a2500000|100%| O|  |TAMS 0x00000000a2500000, 0x00000000a2400000| Untracked 
|  21|0x00000000a2500000, 0x00000000a2600000, 0x00000000a2600000|100%| O|  |TAMS 0x00000000a2600000, 0x00000000a2500000| Untracked 
|  22|0x00000000a2600000, 0x00000000a2700000, 0x00000000a2700000|100%| O|  |TAMS 0x00000000a2700000, 0x00000000a2600000| Untracked 
|  23|0x00000000a2700000, 0x00000000a2800000, 0x00000000a2800000|100%| O|  |TAMS 0x00000000a2800000, 0x00000000a2700000| Untracked 
|  24|0x00000000a2800000, 0x00000000a2900000, 0x00000000a2900000|100%| O|  |TAMS 0x00000000a2900000, 0x00000000a2800000| Untracked 
|  25|0x00000000a2900000, 0x00000000a2a00000, 0x00000000a2a00000|100%| O|  |TAMS 0x00000000a2a00000, 0x00000000a2900000| Untracked 
|  26|0x00000000a2a00000, 0x00000000a2b00000, 0x00000000a2b00000|100%| O|  |TAMS 0x00000000a2b00000, 0x00000000a2a00000| Untracked 
|  27|0x00000000a2b00000, 0x00000000a2c00000, 0x00000000a2c00000|100%| O|  |TAMS 0x00000000a2c00000, 0x00000000a2b00000| Untracked 
|  28|0x00000000a2c00000, 0x00000000a2d00000, 0x00000000a2d00000|100%|HS|  |TAMS 0x00000000a2c00000, 0x00000000a2c00000| Complete 
|  29|0x00000000a2d00000, 0x00000000a2e00000, 0x00000000a2e00000|100%| O|  |TAMS 0x00000000a2e00000, 0x00000000a2d00000| Untracked 
|  30|0x00000000a2e00000, 0x00000000a2f00000, 0x00000000a2f00000|100%| O|  |TAMS 0x00000000a2f00000, 0x00000000a2e00000| Untracked 
|  31|0x00000000a2f00000, 0x00000000a3000000, 0x00000000a3000000|100%| O|  |TAMS 0x00000000a3000000, 0x00000000a2f00000| Untracked 
|  32|0x00000000a3000000, 0x00000000a3100000, 0x00000000a3100000|100%| O|  |TAMS 0x00000000a3100000, 0x00000000a3000000| Untracked 
|  33|0x00000000a3100000, 0x00000000a3200000, 0x00000000a3200000|100%| O|  |TAMS 0x00000000a3200000, 0x00000000a3100000| Untracked 
|  34|0x00000000a3200000, 0x00000000a3300000, 0x00000000a3300000|100%| O|  |TAMS 0x00000000a3300000, 0x00000000a3200000| Untracked 
|  35|0x00000000a3300000, 0x00000000a3400000, 0x00000000a3400000|100%| O|  |TAMS 0x00000000a3400000, 0x00000000a3300000| Untracked 
|  36|0x00000000a3400000, 0x00000000a3400000, 0x00000000a3500000|  0%| F|  |TAMS 0x00000000a3400000, 0x00000000a3400000| Untracked 
|  37|0x00000000a3500000, 0x00000000a3600000, 0x00000000a3600000|100%| O|  |TAMS 0x00000000a3600000, 0x00000000a3500000| Untracked 
|  38|0x00000000a3600000, 0x00000000a3700000, 0x00000000a3700000|100%| O|  |TAMS 0x00000000a3600000, 0x00000000a3600000| Untracked 
|  39|0x00000000a3700000, 0x00000000a3800000, 0x00000000a3800000|100%| O|  |TAMS 0x00000000a3700000, 0x00000000a3700000| Untracked 
|  40|0x00000000a3800000, 0x00000000a3900000, 0x00000000a3900000|100%| O|  |TAMS 0x00000000a3800000, 0x00000000a3800000| Untracked 
|  41|0x00000000a3900000, 0x00000000a3a00000, 0x00000000a3a00000|100%| O|  |TAMS 0x00000000a3900000, 0x00000000a3900000| Untracked 
|  42|0x00000000a3a00000, 0x00000000a3b00000, 0x00000000a3b00000|100%| O|  |TAMS 0x00000000a3b00000, 0x00000000a3a00000| Untracked 
|  43|0x00000000a3b00000, 0x00000000a3c00000, 0x00000000a3c00000|100%| O|  |TAMS 0x00000000a3c00000, 0x00000000a3b00000| Untracked 
|  44|0x00000000a3c00000, 0x00000000a3d00000, 0x00000000a3d00000|100%| O|  |TAMS 0x00000000a3c00000, 0x00000000a3c00000| Untracked 
|  45|0x00000000a3d00000, 0x00000000a3e00000, 0x00000000a3e00000|100%| O|  |TAMS 0x00000000a3d00000, 0x00000000a3d00000| Untracked 
|  46|0x00000000a3e00000, 0x00000000a3f00000, 0x00000000a3f00000|100%| O|  |TAMS 0x00000000a3e00000, 0x00000000a3e00000| Untracked 
|  47|0x00000000a3f00000, 0x00000000a4000000, 0x00000000a4000000|100%| O|  |TAMS 0x00000000a4000000, 0x00000000a3f00000| Untracked 
|  48|0x00000000a4000000, 0x00000000a4100000, 0x00000000a4100000|100%| O|  |TAMS 0x00000000a4100000, 0x00000000a4000000| Untracked 
|  49|0x00000000a4100000, 0x00000000a4200000, 0x00000000a4200000|100%| O|  |TAMS 0x00000000a4200000, 0x00000000a4100000| Untracked 
|  50|0x00000000a4200000, 0x00000000a4300000, 0x00000000a4300000|100%| O|  |TAMS 0x00000000a4300000, 0x00000000a4200000| Untracked 
|  51|0x00000000a4300000, 0x00000000a4400000, 0x00000000a4400000|100%| O|  |TAMS 0x00000000a4300000, 0x00000000a4300000| Untracked 
|  52|0x00000000a4400000, 0x00000000a44b0a00, 0x00000000a4500000| 68%| O|  |TAMS 0x00000000a4400000, 0x00000000a4400000| Untracked 
|  53|0x00000000a4500000, 0x00000000a4600000, 0x00000000a4600000|100%| O|  |TAMS 0x00000000a4600000, 0x00000000a4500000| Untracked 
|  54|0x00000000a4600000, 0x00000000a4700000, 0x00000000a4700000|100%| O|  |TAMS 0x00000000a4700000, 0x00000000a4600000| Untracked 
|  55|0x00000000a4700000, 0x00000000a4800000, 0x00000000a4800000|100%| O|  |TAMS 0x00000000a4800000, 0x00000000a4700000| Untracked 
|  56|0x00000000a4800000, 0x00000000a4900000, 0x00000000a4900000|100%| O|  |TAMS 0x00000000a48c6a00, 0x00000000a4800000| Untracked 
|  57|0x00000000a4900000, 0x00000000a4a00000, 0x00000000a4a00000|100%| O|  |TAMS 0x00000000a4900000, 0x00000000a4900000| Untracked 
|  58|0x00000000a4a00000, 0x00000000a4b00000, 0x00000000a4b00000|100%| O|  |TAMS 0x00000000a4a00000, 0x00000000a4a00000| Untracked 
|  59|0x00000000a4b00000, 0x00000000a4c00000, 0x00000000a4c00000|100%| O|  |TAMS 0x00000000a4b00000, 0x00000000a4b00000| Untracked 
|  60|0x00000000a4c00000, 0x00000000a4d00000, 0x00000000a4d00000|100%| O|  |TAMS 0x00000000a4c00000, 0x00000000a4c00000| Untracked 
|  61|0x00000000a4d00000, 0x00000000a4e00000, 0x00000000a4e00000|100%| O|  |TAMS 0x00000000a4d00000, 0x00000000a4d00000| Untracked 
|  62|0x00000000a4e00000, 0x00000000a4f00000, 0x00000000a4f00000|100%| O|  |TAMS 0x00000000a4e00000, 0x00000000a4e00000| Untracked 
|  63|0x00000000a4f00000, 0x00000000a5000000, 0x00000000a5000000|100%| O|  |TAMS 0x00000000a4f00000, 0x00000000a4f00000| Untracked 
|  64|0x00000000a5000000, 0x00000000a5100000, 0x00000000a5100000|100%| O|  |TAMS 0x00000000a5000000, 0x00000000a5000000| Untracked 
|  65|0x00000000a5100000, 0x00000000a5200000, 0x00000000a5200000|100%| O|  |TAMS 0x00000000a5100000, 0x00000000a5100000| Untracked 
|  66|0x00000000a5200000, 0x00000000a5300000, 0x00000000a5300000|100%| O|  |TAMS 0x00000000a5200000, 0x00000000a5200000| Untracked 
|  67|0x00000000a5300000, 0x00000000a5400000, 0x00000000a5400000|100%| O|  |TAMS 0x00000000a5300000, 0x00000000a5300000| Untracked 
|  68|0x00000000a5400000, 0x00000000a5500000, 0x00000000a5500000|100%| O|  |TAMS 0x00000000a5400000, 0x00000000a5400000| Untracked 
|  69|0x00000000a5500000, 0x00000000a5600000, 0x00000000a5600000|100%| O|  |TAMS 0x00000000a5500000, 0x00000000a5500000| Untracked 
|  70|0x00000000a5600000, 0x00000000a5600000, 0x00000000a5700000|  0%| F|  |TAMS 0x00000000a5600000, 0x00000000a5600000| Untracked 
|  71|0x00000000a5700000, 0x00000000a5700000, 0x00000000a5800000|  0%| F|  |TAMS 0x00000000a5700000, 0x00000000a5700000| Untracked 
|  72|0x00000000a5800000, 0x00000000a5800000, 0x00000000a5900000|  0%| F|  |TAMS 0x00000000a5800000, 0x00000000a5800000| Untracked 
|  73|0x00000000a5900000, 0x00000000a5900000, 0x00000000a5a00000|  0%| F|  |TAMS 0x00000000a5900000, 0x00000000a5900000| Untracked 
|  74|0x00000000a5a00000, 0x00000000a5a00000, 0x00000000a5b00000|  0%| F|  |TAMS 0x00000000a5a00000, 0x00000000a5a00000| Untracked 
|  75|0x00000000a5b00000, 0x00000000a5b00000, 0x00000000a5c00000|  0%| F|  |TAMS 0x00000000a5b00000, 0x00000000a5b00000| Untracked 
|  76|0x00000000a5c00000, 0x00000000a5c00000, 0x00000000a5d00000|  0%| F|  |TAMS 0x00000000a5c00000, 0x00000000a5c00000| Untracked 
|  77|0x00000000a5d00000, 0x00000000a5d00000, 0x00000000a5e00000|  0%| F|  |TAMS 0x00000000a5d00000, 0x00000000a5d00000| Untracked 
|  78|0x00000000a5e00000, 0x00000000a5e00000, 0x00000000a5f00000|  0%| F|  |TAMS 0x00000000a5e00000, 0x00000000a5e00000| Untracked 
|  79|0x00000000a5f00000, 0x00000000a5f00000, 0x00000000a6000000|  0%| F|  |TAMS 0x00000000a5f00000, 0x00000000a5f00000| Untracked 
|  80|0x00000000a6000000, 0x00000000a6000000, 0x00000000a6100000|  0%| F|  |TAMS 0x00000000a6000000, 0x00000000a6000000| Untracked 
|  81|0x00000000a6100000, 0x00000000a6100000, 0x00000000a6200000|  0%| F|  |TAMS 0x00000000a6100000, 0x00000000a6100000| Untracked 
|  82|0x00000000a6200000, 0x00000000a6200000, 0x00000000a6300000|  0%| F|  |TAMS 0x00000000a6200000, 0x00000000a6200000| Untracked 
|  83|0x00000000a6300000, 0x00000000a6300000, 0x00000000a6400000|  0%| F|  |TAMS 0x00000000a6300000, 0x00000000a6300000| Untracked 
|  84|0x00000000a6400000, 0x00000000a6400000, 0x00000000a6500000|  0%| F|  |TAMS 0x00000000a6400000, 0x00000000a6400000| Untracked 
|  85|0x00000000a6500000, 0x00000000a6500000, 0x00000000a6600000|  0%| F|  |TAMS 0x00000000a6500000, 0x00000000a6500000| Untracked 
|  86|0x00000000a6600000, 0x00000000a6600000, 0x00000000a6700000|  0%| F|  |TAMS 0x00000000a6600000, 0x00000000a6600000| Untracked 
|  87|0x00000000a6700000, 0x00000000a6700000, 0x00000000a6800000|  0%| F|  |TAMS 0x00000000a6700000, 0x00000000a6700000| Untracked 
|  88|0x00000000a6800000, 0x00000000a6800000, 0x00000000a6900000|  0%| F|  |TAMS 0x00000000a6800000, 0x00000000a6800000| Untracked 
|  89|0x00000000a6900000, 0x00000000a6900000, 0x00000000a6a00000|  0%| F|  |TAMS 0x00000000a6900000, 0x00000000a6900000| Untracked 
|  90|0x00000000a6a00000, 0x00000000a6a00000, 0x00000000a6b00000|  0%| F|  |TAMS 0x00000000a6a00000, 0x00000000a6a00000| Untracked 
|  91|0x00000000a6b00000, 0x00000000a6b00000, 0x00000000a6c00000|  0%| F|  |TAMS 0x00000000a6b00000, 0x00000000a6b00000| Untracked 
|  92|0x00000000a6c00000, 0x00000000a6c00000, 0x00000000a6d00000|  0%| F|  |TAMS 0x00000000a6c00000, 0x00000000a6c00000| Untracked 
|  93|0x00000000a6d00000, 0x00000000a6d00000, 0x00000000a6e00000|  0%| F|  |TAMS 0x00000000a6d00000, 0x00000000a6d00000| Untracked 
|  94|0x00000000a6e00000, 0x00000000a6e00000, 0x00000000a6f00000|  0%| F|  |TAMS 0x00000000a6e00000, 0x00000000a6e00000| Untracked 
|  95|0x00000000a6f00000, 0x00000000a6f00000, 0x00000000a7000000|  0%| F|  |TAMS 0x00000000a6f00000, 0x00000000a6f00000| Untracked 
|  96|0x00000000a7000000, 0x00000000a7000000, 0x00000000a7100000|  0%| F|  |TAMS 0x00000000a7000000, 0x00000000a7000000| Untracked 
|  97|0x00000000a7100000, 0x00000000a7100000, 0x00000000a7200000|  0%| F|  |TAMS 0x00000000a7100000, 0x00000000a7100000| Untracked 
|  98|0x00000000a7200000, 0x00000000a7200000, 0x00000000a7300000|  0%| F|  |TAMS 0x00000000a7200000, 0x00000000a7200000| Untracked 
|  99|0x00000000a7300000, 0x00000000a7300000, 0x00000000a7400000|  0%| F|  |TAMS 0x00000000a7300000, 0x00000000a7300000| Untracked 
| 100|0x00000000a7400000, 0x00000000a7400000, 0x00000000a7500000|  0%| F|  |TAMS 0x00000000a7400000, 0x00000000a7400000| Untracked 
| 101|0x00000000a7500000, 0x00000000a7500000, 0x00000000a7600000|  0%| F|  |TAMS 0x00000000a7500000, 0x00000000a7500000| Untracked 
| 102|0x00000000a7600000, 0x00000000a7600000, 0x00000000a7700000|  0%| F|  |TAMS 0x00000000a7600000, 0x00000000a7600000| Untracked 
| 103|0x00000000a7700000, 0x00000000a7700000, 0x00000000a7800000|  0%| F|  |TAMS 0x00000000a7700000, 0x00000000a7700000| Untracked 
| 104|0x00000000a7800000, 0x00000000a7800000, 0x00000000a7900000|  0%| F|  |TAMS 0x00000000a7800000, 0x00000000a7800000| Untracked 
| 105|0x00000000a7900000, 0x00000000a7900000, 0x00000000a7a00000|  0%| F|  |TAMS 0x00000000a7900000, 0x00000000a7900000| Untracked 
| 106|0x00000000a7a00000, 0x00000000a7a00000, 0x00000000a7b00000|  0%| F|  |TAMS 0x00000000a7a00000, 0x00000000a7a00000| Untracked 
| 107|0x00000000a7b00000, 0x00000000a7b00000, 0x00000000a7c00000|  0%| F|  |TAMS 0x00000000a7b00000, 0x00000000a7b00000| Untracked 
| 108|0x00000000a7c00000, 0x00000000a7c00000, 0x00000000a7d00000|  0%| F|  |TAMS 0x00000000a7c00000, 0x00000000a7c00000| Untracked 
| 109|0x00000000a7d00000, 0x00000000a7d00000, 0x00000000a7e00000|  0%| F|  |TAMS 0x00000000a7d00000, 0x00000000a7d00000| Untracked 
| 110|0x00000000a7e00000, 0x00000000a7e00000, 0x00000000a7f00000|  0%| F|  |TAMS 0x00000000a7e00000, 0x00000000a7e00000| Untracked 
| 111|0x00000000a7f00000, 0x00000000a7f00000, 0x00000000a8000000|  0%| F|  |TAMS 0x00000000a7f00000, 0x00000000a7f00000| Untracked 
| 112|0x00000000a8000000, 0x00000000a8000000, 0x00000000a8100000|  0%| F|  |TAMS 0x00000000a8000000, 0x00000000a8000000| Untracked 
| 113|0x00000000a8100000, 0x00000000a8100000, 0x00000000a8200000|  0%| F|  |TAMS 0x00000000a8100000, 0x00000000a8100000| Untracked 
| 114|0x00000000a8200000, 0x00000000a8200000, 0x00000000a8300000|  0%| F|  |TAMS 0x00000000a8200000, 0x00000000a8200000| Untracked 
| 115|0x00000000a8300000, 0x00000000a8300000, 0x00000000a8400000|  0%| F|  |TAMS 0x00000000a8300000, 0x00000000a8300000| Untracked 
| 116|0x00000000a8400000, 0x00000000a8500000, 0x00000000a8500000|100%| S|CS|TAMS 0x00000000a8400000, 0x00000000a8400000| Complete 
| 117|0x00000000a8500000, 0x00000000a8600000, 0x00000000a8600000|100%| S|CS|TAMS 0x00000000a8500000, 0x00000000a8500000| Complete 
| 118|0x00000000a8600000, 0x00000000a8700000, 0x00000000a8700000|100%| S|CS|TAMS 0x00000000a8600000, 0x00000000a8600000| Complete 
| 119|0x00000000a8700000, 0x00000000a8800000, 0x00000000a8800000|100%| S|CS|TAMS 0x00000000a8700000, 0x00000000a8700000| Complete 
| 120|0x00000000a8800000, 0x00000000a8900000, 0x00000000a8900000|100%| S|CS|TAMS 0x00000000a8800000, 0x00000000a8800000| Complete 
| 121|0x00000000a8900000, 0x00000000a8a00000, 0x00000000a8a00000|100%| S|CS|TAMS 0x00000000a8900000, 0x00000000a8900000| Complete 
| 122|0x00000000a8a00000, 0x00000000a8b00000, 0x00000000a8b00000|100%| S|CS|TAMS 0x00000000a8a00000, 0x00000000a8a00000| Complete 
| 123|0x00000000a8b00000, 0x00000000a8c00000, 0x00000000a8c00000|100%| S|CS|TAMS 0x00000000a8b00000, 0x00000000a8b00000| Complete 
| 124|0x00000000a8c00000, 0x00000000a8c00000, 0x00000000a8d00000|  0%| F|  |TAMS 0x00000000a8c00000, 0x00000000a8c00000| Untracked 
| 125|0x00000000a8d00000, 0x00000000a8d00000, 0x00000000a8e00000|  0%| F|  |TAMS 0x00000000a8d00000, 0x00000000a8d00000| Untracked 
| 126|0x00000000a8e00000, 0x00000000a8e00000, 0x00000000a8f00000|  0%| F|  |TAMS 0x00000000a8e00000, 0x00000000a8e00000| Untracked 
| 127|0x00000000a8f00000, 0x00000000a8f00000, 0x00000000a9000000|  0%| F|  |TAMS 0x00000000a8f00000, 0x00000000a8f00000| Untracked 
| 128|0x00000000a9000000, 0x00000000a9000000, 0x00000000a9100000|  0%| F|  |TAMS 0x00000000a9000000, 0x00000000a9000000| Untracked 
| 129|0x00000000a9100000, 0x00000000a9100000, 0x00000000a9200000|  0%| F|  |TAMS 0x00000000a9100000, 0x00000000a9100000| Untracked 
| 130|0x00000000a9200000, 0x00000000a9200000, 0x00000000a9300000|  0%| F|  |TAMS 0x00000000a9200000, 0x00000000a9200000| Untracked 
| 131|0x00000000a9300000, 0x00000000a9300000, 0x00000000a9400000|  0%| F|  |TAMS 0x00000000a9300000, 0x00000000a9300000| Untracked 
| 132|0x00000000a9400000, 0x00000000a9400000, 0x00000000a9500000|  0%| F|  |TAMS 0x00000000a9400000, 0x00000000a9400000| Untracked 
| 133|0x00000000a9500000, 0x00000000a9500000, 0x00000000a9600000|  0%| F|  |TAMS 0x00000000a9500000, 0x00000000a9500000| Untracked 
| 134|0x00000000a9600000, 0x00000000a9600000, 0x00000000a9700000|  0%| F|  |TAMS 0x00000000a9600000, 0x00000000a9600000| Untracked 
| 135|0x00000000a9700000, 0x00000000a9700000, 0x00000000a9800000|  0%| F|  |TAMS 0x00000000a9700000, 0x00000000a9700000| Untracked 
| 136|0x00000000a9800000, 0x00000000a9800000, 0x00000000a9900000|  0%| F|  |TAMS 0x00000000a9800000, 0x00000000a9800000| Untracked 
| 137|0x00000000a9900000, 0x00000000a9900000, 0x00000000a9a00000|  0%| F|  |TAMS 0x00000000a9900000, 0x00000000a9900000| Untracked 
| 138|0x00000000a9a00000, 0x00000000a9a00000, 0x00000000a9b00000|  0%| F|  |TAMS 0x00000000a9a00000, 0x00000000a9a00000| Untracked 
| 139|0x00000000a9b00000, 0x00000000a9b49238, 0x00000000a9c00000| 28%| E|  |TAMS 0x00000000a9b00000, 0x00000000a9b00000| Complete 
| 140|0x00000000a9c00000, 0x00000000a9d00000, 0x00000000a9d00000|100%| E|CS|TAMS 0x00000000a9c00000, 0x00000000a9c00000| Complete 
| 141|0x00000000a9d00000, 0x00000000a9e00000, 0x00000000a9e00000|100%| E|CS|TAMS 0x00000000a9d00000, 0x00000000a9d00000| Complete 
| 142|0x00000000a9e00000, 0x00000000a9f00000, 0x00000000a9f00000|100%| E|CS|TAMS 0x00000000a9e00000, 0x00000000a9e00000| Complete 
| 143|0x00000000a9f00000, 0x00000000aa000000, 0x00000000aa000000|100%| E|CS|TAMS 0x00000000a9f00000, 0x00000000a9f00000| Complete 
| 144|0x00000000aa000000, 0x00000000aa100000, 0x00000000aa100000|100%| E|CS|TAMS 0x00000000aa000000, 0x00000000aa000000| Complete 
| 145|0x00000000aa100000, 0x00000000aa200000, 0x00000000aa200000|100%| E|CS|TAMS 0x00000000aa100000, 0x00000000aa100000| Complete 
| 146|0x00000000aa200000, 0x00000000aa300000, 0x00000000aa300000|100%| E|CS|TAMS 0x00000000aa200000, 0x00000000aa200000| Complete 
| 147|0x00000000aa300000, 0x00000000aa400000, 0x00000000aa400000|100%| E|CS|TAMS 0x00000000aa300000, 0x00000000aa300000| Complete 
| 148|0x00000000aa400000, 0x00000000aa500000, 0x00000000aa500000|100%| E|CS|TAMS 0x00000000aa400000, 0x00000000aa400000| Complete 
| 149|0x00000000aa500000, 0x00000000aa600000, 0x00000000aa600000|100%| E|CS|TAMS 0x00000000aa500000, 0x00000000aa500000| Complete 
| 150|0x00000000aa600000, 0x00000000aa700000, 0x00000000aa700000|100%| E|CS|TAMS 0x00000000aa600000, 0x00000000aa600000| Complete 
| 151|0x00000000aa700000, 0x00000000aa800000, 0x00000000aa800000|100%| E|CS|TAMS 0x00000000aa700000, 0x00000000aa700000| Complete 
| 152|0x00000000aa800000, 0x00000000aa900000, 0x00000000aa900000|100%| E|CS|TAMS 0x00000000aa800000, 0x00000000aa800000| Complete 
| 153|0x00000000aa900000, 0x00000000aaa00000, 0x00000000aaa00000|100%| E|CS|TAMS 0x00000000aa900000, 0x00000000aa900000| Complete 
| 154|0x00000000aaa00000, 0x00000000aab00000, 0x00000000aab00000|100%| E|CS|TAMS 0x00000000aaa00000, 0x00000000aaa00000| Complete 
| 155|0x00000000aab00000, 0x00000000aac00000, 0x00000000aac00000|100%| E|CS|TAMS 0x00000000aab00000, 0x00000000aab00000| Complete 
| 156|0x00000000aac00000, 0x00000000aad00000, 0x00000000aad00000|100%| E|CS|TAMS 0x00000000aac00000, 0x00000000aac00000| Complete 
| 157|0x00000000aad00000, 0x00000000aae00000, 0x00000000aae00000|100%| E|CS|TAMS 0x00000000aad00000, 0x00000000aad00000| Complete 
| 158|0x00000000aae00000, 0x00000000aaf00000, 0x00000000aaf00000|100%| E|CS|TAMS 0x00000000aae00000, 0x00000000aae00000| Complete 
| 159|0x00000000aaf00000, 0x00000000ab000000, 0x00000000ab000000|100%| E|CS|TAMS 0x00000000aaf00000, 0x00000000aaf00000| Complete 
| 160|0x00000000ab000000, 0x00000000ab100000, 0x00000000ab100000|100%| E|CS|TAMS 0x00000000ab000000, 0x00000000ab000000| Complete 
| 161|0x00000000ab100000, 0x00000000ab200000, 0x00000000ab200000|100%| E|CS|TAMS 0x00000000ab100000, 0x00000000ab100000| Complete 
| 162|0x00000000ab200000, 0x00000000ab300000, 0x00000000ab300000|100%| E|CS|TAMS 0x00000000ab200000, 0x00000000ab200000| Complete 
| 163|0x00000000ab300000, 0x00000000ab400000, 0x00000000ab400000|100%| E|CS|TAMS 0x00000000ab300000, 0x00000000ab300000| Complete 
| 164|0x00000000ab400000, 0x00000000ab500000, 0x00000000ab500000|100%| E|CS|TAMS 0x00000000ab400000, 0x00000000ab400000| Complete 
| 165|0x00000000ab500000, 0x00000000ab600000, 0x00000000ab600000|100%| E|CS|TAMS 0x00000000ab500000, 0x00000000ab500000| Complete 
| 166|0x00000000ab600000, 0x00000000ab700000, 0x00000000ab700000|100%| E|CS|TAMS 0x00000000ab600000, 0x00000000ab600000| Complete 
| 167|0x00000000ab700000, 0x00000000ab800000, 0x00000000ab800000|100%| E|CS|TAMS 0x00000000ab700000, 0x00000000ab700000| Complete 
| 168|0x00000000ab800000, 0x00000000ab900000, 0x00000000ab900000|100%| E|CS|TAMS 0x00000000ab800000, 0x00000000ab800000| Complete 
| 169|0x00000000ab900000, 0x00000000aba00000, 0x00000000aba00000|100%| E|CS|TAMS 0x00000000ab900000, 0x00000000ab900000| Complete 
| 170|0x00000000aba00000, 0x00000000abb00000, 0x00000000abb00000|100%| E|CS|TAMS 0x00000000aba00000, 0x00000000aba00000| Complete 
| 171|0x00000000abb00000, 0x00000000abc00000, 0x00000000abc00000|100%| E|CS|TAMS 0x00000000abb00000, 0x00000000abb00000| Complete 
| 172|0x00000000abc00000, 0x00000000abd00000, 0x00000000abd00000|100%| E|CS|TAMS 0x00000000abc00000, 0x00000000abc00000| Complete 
| 173|0x00000000abd00000, 0x00000000abe00000, 0x00000000abe00000|100%| E|CS|TAMS 0x00000000abd00000, 0x00000000abd00000| Complete 
| 174|0x00000000abe00000, 0x00000000abf00000, 0x00000000abf00000|100%| E|CS|TAMS 0x00000000abe00000, 0x00000000abe00000| Complete 
| 175|0x00000000abf00000, 0x00000000ac000000, 0x00000000ac000000|100%| E|CS|TAMS 0x00000000abf00000, 0x00000000abf00000| Complete 
| 176|0x00000000ac000000, 0x00000000ac100000, 0x00000000ac100000|100%| E|CS|TAMS 0x00000000ac000000, 0x00000000ac000000| Complete 
| 177|0x00000000ac100000, 0x00000000ac200000, 0x00000000ac200000|100%| E|CS|TAMS 0x00000000ac100000, 0x00000000ac100000| Complete 
| 178|0x00000000ac200000, 0x00000000ac300000, 0x00000000ac300000|100%| E|CS|TAMS 0x00000000ac200000, 0x00000000ac200000| Complete 
| 179|0x00000000ac300000, 0x00000000ac400000, 0x00000000ac400000|100%| E|CS|TAMS 0x00000000ac300000, 0x00000000ac300000| Complete 
| 180|0x00000000ac400000, 0x00000000ac500000, 0x00000000ac500000|100%| E|CS|TAMS 0x00000000ac400000, 0x00000000ac400000| Complete 
| 181|0x00000000ac500000, 0x00000000ac600000, 0x00000000ac600000|100%| E|CS|TAMS 0x00000000ac500000, 0x00000000ac500000| Complete 
| 182|0x00000000ac600000, 0x00000000ac700000, 0x00000000ac700000|100%| E|CS|TAMS 0x00000000ac600000, 0x00000000ac600000| Complete 
| 183|0x00000000ac700000, 0x00000000ac800000, 0x00000000ac800000|100%| E|CS|TAMS 0x00000000ac700000, 0x00000000ac700000| Complete 
| 184|0x00000000ac800000, 0x00000000ac900000, 0x00000000ac900000|100%| E|CS|TAMS 0x00000000ac800000, 0x00000000ac800000| Complete 
| 185|0x00000000ac900000, 0x00000000aca00000, 0x00000000aca00000|100%| E|CS|TAMS 0x00000000ac900000, 0x00000000ac900000| Complete 

Card table byte_map: [0x000001e823c10000,0x000001e823f10000] _byte_map_base: 0x000001e823708000

Marking Bits (Prev, Next): (CMBitMap*) 0x000001e810fa35f0, (CMBitMap*) 0x000001e810fa3630
 Prev Bits: [0x000001e824210000, 0x000001e8259d0000)
 Next Bits: [0x000001e8259d0000, 0x000001e827190000)

Polling page: 0x000001e80ed90000

Metaspace:

Usage:
  Non-class:     69.20 MB used.
      Class:     10.38 MB used.
       Both:     79.58 MB used.

Virtual space:
  Non-class space:       72.00 MB reserved,      69.44 MB ( 96%) committed,  9 nodes.
      Class space:        1.00 GB reserved,      10.62 MB (  1%) committed,  1 nodes.
             Both:        1.07 GB reserved,      80.06 MB (  7%) committed. 

Chunk freelists:
   Non-Class:  1.86 MB
       Class:  1.22 MB
        Both:  3.08 MB

MaxMetaspaceSize: unlimited
CompressedClassSpaceSize: 1.00 GB
Initial GC threshold: 21.00 MB
Current GC threshold: 117.19 MB
CDS: off
MetaspaceReclaimPolicy: balanced
 - commit_granule_bytes: 65536.
 - commit_granule_words: 8192.
 - virtual_space_node_default_size: 1048576.
 - enlarge_chunks_in_place: 1.
 - new_chunks_are_fully_committed: 0.
 - uncommit_free_chunks: 1.
 - use_allocation_guard: 0.
 - handle_deallocations: 1.


Internal statistics:

num_allocs_failed_limit: 9.
num_arena_births: 762.
num_arena_deaths: 0.
num_vsnodes_births: 10.
num_vsnodes_deaths: 0.
num_space_committed: 1281.
num_space_uncommitted: 0.
num_chunks_returned_to_freelist: 9.
num_chunks_taken_from_freelist: 3352.
num_chunk_merges: 9.
num_chunk_splits: 2429.
num_chunks_enlarged: 1893.
num_purges: 0.
num_inconsistent_stats: 0.

CodeHeap 'non-profiled nmethods': size=120000Kb used=3694Kb max_used=3694Kb free=116306Kb
 bounds [0x000001e81c0b0000, 0x000001e81c450000, 0x000001e8235e0000]
CodeHeap 'profiled nmethods': size=120000Kb used=11895Kb max_used=11895Kb free=108105Kb
 bounds [0x000001e814b80000, 0x000001e815720000, 0x000001e81c0b0000]
CodeHeap 'non-nmethods': size=5760Kb used=1333Kb max_used=1378Kb free=4426Kb
 bounds [0x000001e8145e0000, 0x000001e814850000, 0x000001e814b80000]
 total_blobs=6752 nmethods=6083 adapters=581
 compilation: enabled
              stopped_count=0, restarted_count=0
 full_count=0

Compilation events (20 events):
Event: 57.447 Thread 0x000001e82a895030 6938       3       java.util.Properties::load0 (249 bytes)
Event: 57.448 Thread 0x000001e82a895030 nmethod 6938 0x000001e815718f10 code [0x000001e815719140, 0x000001e815719b68]
Event: 57.451 Thread 0x000001e82a83e370 nmethod 6936% 0x000001e81c448c10 code [0x000001e81c448da0, 0x000001e81c448fb8]
Event: 57.451 Thread 0x000001e82a83e370 6937       4       java.util.Properties$LineReader::readLine (584 bytes)
Event: 57.475 Thread 0x000001e82a895030 6939       3       java.lang.invoke.MethodHandles$Lookup::lookupModes (8 bytes)
Event: 57.475 Thread 0x000001e82a895030 nmethod 6939 0x000001e815719e90 code [0x000001e81571a020, 0x000001e81571a138]
Event: 57.476 Thread 0x000001e82a895030 6941       3       jdk.internal.org.objectweb.asm.AnnotationWriter::putAnnotations (110 bytes)
Event: 57.476 Thread 0x000001e82a895030 nmethod 6941 0x000001e81571a210 code [0x000001e81571a400, 0x000001e81571a808]
Event: 57.476 Thread 0x000001e82a895030 6942       3       java.lang.invoke.InvokerBytecodeGenerator::classData (170 bytes)
Event: 57.477 Thread 0x000001e82a895030 nmethod 6942 0x000001e81571aa90 code [0x000001e81571ad20, 0x000001e81571ba28]
Event: 57.480 Thread 0x000001e82a895030 6944       3       jdk.internal.org.objectweb.asm.AnnotationWriter::computeAnnotationsSize (42 bytes)
Event: 57.480 Thread 0x000001e82a895030 nmethod 6944 0x000001e81571bd90 code [0x000001e81571bf40, 0x000001e81571c188]
Event: 57.483 Thread 0x000001e82a895030 6946       3       java.lang.invoke.InvokerBytecodeGenerator::emitReturnInsn (122 bytes)
Event: 57.485 Thread 0x000001e82a895030 nmethod 6946 0x000001e81571c310 code [0x000001e81571c580, 0x000001e81571cfc8]
Event: 57.491 Thread 0x000001e82a895030 6948       3       java.nio.HeapByteBuffer::put (17 bytes)
Event: 57.491 Thread 0x000001e82a895030 nmethod 6948 0x000001e81571d310 code [0x000001e81571d4c0, 0x000001e81571d698]
Event: 57.491 Thread 0x000001e82a895030 6949   !   3       org.apache.tomcat.util.http.parser.HttpParser::isControl (9 bytes)
Event: 57.491 Thread 0x000001e82a895030 nmethod 6949 0x000001e81571d810 code [0x000001e81571d9a0, 0x000001e81571db18]
Event: 57.510 Thread 0x000001e82a83e370 nmethod 6937 0x000001e81c449410 code [0x000001e81c449640, 0x000001e81c44ab80]
Event: 57.510 Thread 0x000001e82a83e370 6940       4       jdk.internal.org.objectweb.asm.Frame::execute (2305 bytes)

GC Heap History (20 events):
Event: 21.853 GC heap before
{Heap before GC invocations=31 (full 0):
 garbage-first heap   total 78848K, used 52412K [0x00000000a1000000, 0x0000000100000000)
  region size 1024K, 17 young (17408K), 1 survivors (1024K)
 Metaspace       used 71187K, committed 71744K, reserved 1114112K
  class space    used 9292K, committed 9536K, reserved 1048576K
}
Event: 21.860 GC heap after
{Heap after GC invocations=32 (full 0):
 garbage-first heap   total 78848K, used 40476K [0x00000000a1000000, 0x0000000100000000)
  region size 1024K, 3 young (3072K), 3 survivors (3072K)
 Metaspace       used 71187K, committed 71744K, reserved 1114112K
  class space    used 9292K, committed 9536K, reserved 1048576K
}
Event: 21.868 GC heap before
{Heap before GC invocations=32 (full 0):
 garbage-first heap   total 78848K, used 41500K [0x00000000a1000000, 0x0000000100000000)
  region size 1024K, 4 young (4096K), 3 survivors (3072K)
 Metaspace       used 71199K, committed 71744K, reserved 1114112K
  class space    used 9292K, committed 9536K, reserved 1048576K
}
Event: 21.874 GC heap after
{Heap after GC invocations=33 (full 0):
 garbage-first heap   total 95232K, used 40600K [0x00000000a1000000, 0x0000000100000000)
  region size 1024K, 1 young (1024K), 1 survivors (1024K)
 Metaspace       used 71199K, committed 71744K, reserved 1114112K
  class space    used 9292K, committed 9536K, reserved 1048576K
}
Event: 22.101 GC heap before
{Heap before GC invocations=33 (full 0):
 garbage-first heap   total 95232K, used 66200K [0x00000000a1000000, 0x0000000100000000)
  region size 1024K, 26 young (26624K), 1 survivors (1024K)
 Metaspace       used 71247K, committed 71744K, reserved 1114112K
  class space    used 9292K, committed 9536K, reserved 1048576K
}
Event: 22.106 GC heap after
{Heap after GC invocations=34 (full 0):
 garbage-first heap   total 95232K, used 46618K [0x00000000a1000000, 0x0000000100000000)
  region size 1024K, 4 young (4096K), 4 survivors (4096K)
 Metaspace       used 71247K, committed 71744K, reserved 1114112K
  class space    used 9292K, committed 9536K, reserved 1048576K
}
Event: 22.453 GC heap before
{Heap before GC invocations=34 (full 0):
 garbage-first heap   total 95232K, used 70170K [0x00000000a1000000, 0x0000000100000000)
  region size 1024K, 26 young (26624K), 4 survivors (4096K)
 Metaspace       used 71413K, committed 71872K, reserved 1114112K
  class space    used 9306K, committed 9536K, reserved 1048576K
}
Event: 22.464 GC heap after
{Heap after GC invocations=35 (full 0):
 garbage-first heap   total 95232K, used 54721K [0x00000000a1000000, 0x0000000100000000)
  region size 1024K, 4 young (4096K), 4 survivors (4096K)
 Metaspace       used 71413K, committed 71872K, reserved 1114112K
  class space    used 9306K, committed 9536K, reserved 1048576K
}
Event: 22.586 GC heap before
{Heap before GC invocations=35 (full 0):
 garbage-first heap   total 95232K, used 70081K [0x00000000a1000000, 0x0000000100000000)
  region size 1024K, 20 young (20480K), 4 survivors (4096K)
 Metaspace       used 71422K, committed 71872K, reserved 1114112K
  class space    used 9306K, committed 9536K, reserved 1048576K
}
Event: 22.590 GC heap after
{Heap after GC invocations=36 (full 0):
 garbage-first heap   total 95232K, used 58505K [0x00000000a1000000, 0x0000000100000000)
  region size 1024K, 3 young (3072K), 3 survivors (3072K)
 Metaspace       used 71422K, committed 71872K, reserved 1114112K
  class space    used 9306K, committed 9536K, reserved 1048576K
}
Event: 22.600 GC heap before
{Heap before GC invocations=36 (full 0):
 garbage-first heap   total 95232K, used 60553K [0x00000000a1000000, 0x0000000100000000)
  region size 1024K, 6 young (6144K), 3 survivors (3072K)
 Metaspace       used 71422K, committed 71872K, reserved 1114112K
  class space    used 9306K, committed 9536K, reserved 1048576K
}
Event: 22.603 GC heap after
{Heap after GC invocations=37 (full 0):
 garbage-first heap   total 190464K, used 59141K [0x00000000a1000000, 0x0000000100000000)
  region size 1024K, 1 young (1024K), 1 survivors (1024K)
 Metaspace       used 71422K, committed 71872K, reserved 1114112K
  class space    used 9306K, committed 9536K, reserved 1048576K
}
Event: 22.822 GC heap before
{Heap before GC invocations=37 (full 0):
 garbage-first heap   total 190464K, used 101125K [0x00000000a1000000, 0x0000000100000000)
  region size 1024K, 43 young (44032K), 1 survivors (1024K)
 Metaspace       used 71480K, committed 72000K, reserved 1114112K
  class space    used 9306K, committed 9536K, reserved 1048576K
}
Event: 22.832 GC heap after
{Heap after GC invocations=38 (full 0):
 garbage-first heap   total 190464K, used 70006K [0x00000000a1000000, 0x0000000100000000)
  region size 1024K, 9 young (9216K), 9 survivors (9216K)
 Metaspace       used 71480K, committed 72000K, reserved 1114112K
  class space    used 9306K, committed 9536K, reserved 1048576K
}
Event: 23.114 GC heap before
{Heap before GC invocations=39 (full 0):
 garbage-first heap   total 190464K, used 123254K [0x00000000a1000000, 0x0000000100000000)
  region size 1024K, 63 young (64512K), 9 survivors (9216K)
 Metaspace       used 71603K, committed 72128K, reserved 1114112K
  class space    used 9313K, committed 9536K, reserved 1048576K
}
Event: 23.120 GC heap after
{Heap after GC invocations=40 (full 0):
 garbage-first heap   total 190464K, used 70446K [0x00000000a1000000, 0x0000000100000000)
  region size 1024K, 4 young (4096K), 4 survivors (4096K)
 Metaspace       used 71603K, committed 72128K, reserved 1114112K
  class space    used 9313K, committed 9536K, reserved 1048576K
}
Event: 23.124 GC heap before
{Heap before GC invocations=40 (full 0):
 garbage-first heap   total 190464K, used 75566K [0x00000000a1000000, 0x0000000100000000)
  region size 1024K, 9 young (9216K), 4 survivors (4096K)
 Metaspace       used 71603K, committed 72128K, reserved 1114112K
  class space    used 9313K, committed 9536K, reserved 1048576K
}
Event: 23.127 GC heap after
{Heap after GC invocations=41 (full 0):
 garbage-first heap   total 190464K, used 65034K [0x00000000a1000000, 0x0000000100000000)
  region size 1024K, 2 young (2048K), 2 survivors (2048K)
 Metaspace       used 71603K, committed 72128K, reserved 1114112K
  class space    used 9313K, committed 9536K, reserved 1048576K
}
Event: 23.720 GC heap before
{Heap before GC invocations=41 (full 0):
 garbage-first heap   total 190464K, used 126474K [0x00000000a1000000, 0x0000000100000000)
  region size 1024K, 62 young (63488K), 2 survivors (2048K)
 Metaspace       used 73073K, committed 73600K, reserved 1114112K
  class space    used 9504K, committed 9728K, reserved 1048576K
}
Event: 23.735 GC heap after
{Heap after GC invocations=42 (full 0):
 garbage-first heap   total 190464K, used 78530K [0x00000000a1000000, 0x0000000100000000)
  region size 1024K, 8 young (8192K), 8 survivors (8192K)
 Metaspace       used 73073K, committed 73600K, reserved 1114112K
  class space    used 9504K, committed 9728K, reserved 1048576K
}

Dll operation events (9 events):
Event: 0.116 Loaded shared library C:\Users\BHMANASA\.p2\pool\plugins\org.eclipse.justj.openjdk.hotspot.jre.full.win32.x86_64_17.0.5.v20221102-0933\jre\bin\java.dll
Event: 1.096 Loaded shared library C:\Users\BHMANASA\.p2\pool\plugins\org.eclipse.justj.openjdk.hotspot.jre.full.win32.x86_64_17.0.5.v20221102-0933\jre\bin\net.dll
Event: 1.104 Loaded shared library C:\Users\BHMANASA\.p2\pool\plugins\org.eclipse.justj.openjdk.hotspot.jre.full.win32.x86_64_17.0.5.v20221102-0933\jre\bin\nio.dll
Event: 1.120 Loaded shared library C:\Users\BHMANASA\.p2\pool\plugins\org.eclipse.justj.openjdk.hotspot.jre.full.win32.x86_64_17.0.5.v20221102-0933\jre\bin\zip.dll
Event: 1.571 Loaded shared library C:\Users\BHMANASA\.p2\pool\plugins\org.eclipse.justj.openjdk.hotspot.jre.full.win32.x86_64_17.0.5.v20221102-0933\jre\bin\jimage.dll
Event: 2.166 Loaded shared library C:\Users\BHMANASA\.p2\pool\plugins\org.eclipse.justj.openjdk.hotspot.jre.full.win32.x86_64_17.0.5.v20221102-0933\jre\bin\management.dll
Event: 2.178 Loaded shared library C:\Users\BHMANASA\.p2\pool\plugins\org.eclipse.justj.openjdk.hotspot.jre.full.win32.x86_64_17.0.5.v20221102-0933\jre\bin\management_ext.dll
Event: 12.169 Loaded shared library C:\Users\BHMANASA\.p2\pool\plugins\org.eclipse.justj.openjdk.hotspot.jre.full.win32.x86_64_17.0.5.v20221102-0933\jre\bin\sunmscapi.dll
Event: 14.546 Loaded shared library C:\Users\BHMANASA\.p2\pool\plugins\org.eclipse.justj.openjdk.hotspot.jre.full.win32.x86_64_17.0.5.v20221102-0933\jre\bin\verify.dll

Deoptimization events (20 events):
Event: 30.907 Thread 0x000001e82b2b2250 Uncommon trap: trap_request=0xffffff45 fr.pc=0x000001e81c36b8ec relative=0x0000000000002eec
Event: 30.907 Thread 0x000001e82b2b2250 Uncommon trap: reason=unstable_if action=reinterpret pc=0x000001e81c36b8ec method=org.springframework.core.annotation.AnnotationsScanner.processMethodHierarchy(Ljava/lang/Object;[ILjava/lang/Class;Lorg/springframework/core/annotation/AnnotationsProcessor;
Event: 30.907 Thread 0x000001e82b2b2250 DEOPT PACKING pc=0x000001e81c36b8ec sp=0x0000007e4fffc270
Event: 30.907 Thread 0x000001e82b2b2250 DEOPT UNPACKING pc=0x000001e8146323a3 sp=0x0000007e4fffc2a8 mode 2
Event: 30.975 Thread 0x000001e82b2b2250 Uncommon trap: trap_request=0xffffff45 fr.pc=0x000001e81c2659a4 relative=0x0000000000001664
Event: 30.975 Thread 0x000001e82b2b2250 Uncommon trap: reason=unstable_if action=reinterpret pc=0x000001e81c2659a4 method=java.lang.String.<init>([BIILjava/nio/charset/Charset;)V @ 18 c2
Event: 30.975 Thread 0x000001e82b2b2250 DEOPT PACKING pc=0x000001e81c2659a4 sp=0x0000007e4fffda50
Event: 30.975 Thread 0x000001e82b2b2250 DEOPT UNPACKING pc=0x000001e8146323a3 sp=0x0000007e4fffda10 mode 2
Event: 31.483 Thread 0x000001e82b98cbf0 DEOPT PACKING pc=0x000001e814c8a31c sp=0x0000007e50dfef20
Event: 31.483 Thread 0x000001e82b98cbf0 DEOPT UNPACKING pc=0x000001e814632b43 sp=0x0000007e50dfe460 mode 0
Event: 31.531 Thread 0x000001e82b2b2250 DEOPT PACKING pc=0x000001e815702d36 sp=0x0000007e4fffe2b0
Event: 31.531 Thread 0x000001e82b2b2250 DEOPT UNPACKING pc=0x000001e814632b43 sp=0x0000007e4fffd788 mode 0
Event: 31.549 Thread 0x000001e82b2b2250 Uncommon trap: trap_request=0xffffff45 fr.pc=0x000001e81c132160 relative=0x0000000000000060
Event: 31.549 Thread 0x000001e82b2b2250 Uncommon trap: reason=unstable_if action=reinterpret pc=0x000001e81c132160 method=org.springframework.util.ConcurrentReferenceHashMap$Segment.clear()V @ 7 c2
Event: 31.549 Thread 0x000001e82b2b2250 DEOPT PACKING pc=0x000001e81c132160 sp=0x0000007e4fffe4a0
Event: 31.549 Thread 0x000001e82b2b2250 DEOPT UNPACKING pc=0x000001e8146323a3 sp=0x0000007e4fffe430 mode 2
Event: 31.559 Thread 0x000001e82b2b2250 Uncommon trap: trap_request=0xffffff54 fr.pc=0x000001e81c1c0c84 relative=0x0000000000000344
Event: 31.559 Thread 0x000001e82b2b2250 Uncommon trap: reason=speculate_null_assert action=make_not_entrant pc=0x000001e81c1c0c84 method=org.springframework.util.ConcurrentReferenceHashMap$Segment.restructureIfNecessary(Z)V @ 41 c2
Event: 31.559 Thread 0x000001e82b2b2250 DEOPT PACKING pc=0x000001e81c1c0c84 sp=0x0000007e4fffe500
Event: 31.559 Thread 0x000001e82b2b2250 DEOPT UNPACKING pc=0x000001e8146323a3 sp=0x0000007e4fffe4c8 mode 2

Classes unloaded (0 events):
No events

Classes redefined (0 events):
No events

Internal exceptions (20 events):
Event: 23.104 Thread 0x000001e82b98af10 Exception <a 'sun/nio/fs/WindowsException'{0x00000000a8e90ab8}> (0x00000000a8e90ab8) 
thrown [s\src\hotspot\share\prims\jni.cpp, line 516]
Event: 23.104 Thread 0x000001e82b98af10 Exception <a 'sun/nio/fs/WindowsException'{0x00000000a8e90e48}> (0x00000000a8e90e48) 
thrown [s\src\hotspot\share\prims\jni.cpp, line 516]
Event: 23.105 Thread 0x000001e82b98af10 Exception <a 'sun/nio/fs/WindowsException'{0x00000000a8e91818}> (0x00000000a8e91818) 
thrown [s\src\hotspot\share\prims\jni.cpp, line 516]
Event: 23.105 Thread 0x000001e82b98af10 Exception <a 'sun/nio/fs/WindowsException'{0x00000000a8e91b98}> (0x00000000a8e91b98) 
thrown [s\src\hotspot\share\prims\jni.cpp, line 516]
Event: 23.105 Thread 0x000001e82b98af10 Exception <a 'sun/nio/fs/WindowsException'{0x00000000a8e92568}> (0x00000000a8e92568) 
thrown [s\src\hotspot\share\prims\jni.cpp, line 516]
Event: 23.105 Thread 0x000001e82b98af10 Exception <a 'sun/nio/fs/WindowsException'{0x00000000a8e928f8}> (0x00000000a8e928f8) 
thrown [s\src\hotspot\share\prims\jni.cpp, line 516]
Event: 23.105 Thread 0x000001e82b98af10 Exception <a 'sun/nio/fs/WindowsException'{0x00000000a8e932f0}> (0x00000000a8e932f0) 
thrown [s\src\hotspot\share\prims\jni.cpp, line 516]
Event: 23.105 Thread 0x000001e82b98af10 Exception <a 'sun/nio/fs/WindowsException'{0x00000000a8e936a0}> (0x00000000a8e936a0) 
thrown [s\src\hotspot\share\prims\jni.cpp, line 516]
Event: 23.105 Thread 0x000001e82b98af10 Exception <a 'sun/nio/fs/WindowsException'{0x00000000a8e940a8}> (0x00000000a8e940a8) 
thrown [s\src\hotspot\share\prims\jni.cpp, line 516]
Event: 23.105 Thread 0x000001e82b98af10 Exception <a 'sun/nio/fs/WindowsException'{0x00000000a8e94468}> (0x00000000a8e94468) 
thrown [s\src\hotspot\share\prims\jni.cpp, line 516]
Event: 23.105 Thread 0x000001e82b98af10 Exception <a 'sun/nio/fs/WindowsException'{0x00000000a8e94e60}> (0x00000000a8e94e60) 
thrown [s\src\hotspot\share\prims\jni.cpp, line 516]
Event: 23.105 Thread 0x000001e82b98af10 Exception <a 'sun/nio/fs/WindowsException'{0x00000000a8e95220}> (0x00000000a8e95220) 
thrown [s\src\hotspot\share\prims\jni.cpp, line 516]
Event: 23.487 Thread 0x000001e82b2b2250 Implicit null exception at 0x000001e81c1e773a to 0x000001e81c1e7930
Event: 24.853 Thread 0x000001e82b2b2250 Exception <a 'java/lang/NoSuchMethodError'{0x00000000abe09680}: 'java.lang.Object java.lang.invoke.DirectMethodHandle$Holder.newInvokeSpecial(java.lang.Object, java.lang.Object, int, java.lang.Object, java.lang.Object)'> (0x00000000abe09680) 
thrown [s\src\hotspot\share\interpreter\linkResolver.cpp, line 759]
Event: 24.855 Thread 0x000001e82b2b2250 Exception <a 'java/lang/NoSuchMethodError'{0x00000000abe14ce8}: 'java.lang.Object java.lang.invoke.DirectMethodHandle$Holder.invokeSpecial(java.lang.Object, java.lang.Object, int, java.lang.Object, int, java.lang.Object)'> (0x00000000abe14ce8) 
thrown [s\src\hotspot\share\interpreter\linkResolver.cpp, line 759]
Event: 24.856 Thread 0x000001e82b2b2250 Exception <a 'java/lang/NoSuchMethodError'{0x00000000abe1cd98}: 'java.lang.Object java.lang.invoke.DirectMethodHandle$Holder.newInvokeSpecial(java.lang.Object, java.lang.Object, int, java.lang.Object, int)'> (0x00000000abe1cd98) 
thrown [s\src\hotspot\share\interpreter\linkResolver.cpp, line 759]
Event: 24.857 Thread 0x000001e82b2b2250 Exception <a 'java/lang/NoSuchMethodError'{0x00000000abe20e98}: 'java.lang.Object java.lang.invoke.DirectMethodHandle$Holder.invokeSpecial(java.lang.Object, java.lang.Object, java.lang.Object, int, java.lang.Object, int)'> (0x00000000abe20e98) 
thrown [s\src\hotspot\share\interpreter\linkResolver.cpp, line 759]
Event: 25.010 Thread 0x000001e82b2b2250 Exception <a 'java/lang/IncompatibleClassChangeError'{0x00000000abc2e0d0}: Found class java.lang.Object, but interface was expected> (0x00000000abc2e0d0) 
thrown [s\src\hotspot\share\interpreter\linkResolver.cpp, line 826]
Event: 57.484 Thread 0x000001e82b98aa40 Exception <a 'java/lang/NoSuchMethodError'{0x00000000a9c90ee0}: 'java.lang.Object java.lang.invoke.DirectMethodHandle$Holder.invokeSpecial(java.lang.Object, java.lang.Object, java.lang.Object, java.lang.Object, java.lang.Object, long)'> (0x00000000a9c90ee0) 
thrown [s\src\hotspot\share\interpreter\linkResolver.cpp, line 759]
Event: 57.485 Thread 0x000001e82b98aa40 Exception <a 'java/lang/NoSuchMethodError'{0x00000000a9c94920}: 'java.lang.Object java.lang.invoke.Invokers$Holder.linkToTargetMethod(java.lang.Object, java.lang.Object, java.lang.Object, long, java.lang.Object)'> (0x00000000a9c94920) 
thrown [s\src\hotspot\share\interpreter\linkResolver.cpp, line 759]

VM Operations (20 events):
Event: 28.033 Executing VM operation: Cleanup
Event: 28.033 Executing VM operation: Cleanup done
Event: 30.921 Executing VM operation: HandshakeAllThreads
Event: 30.921 Executing VM operation: HandshakeAllThreads done
Event: 30.921 Executing VM operation: Cleanup
Event: 30.921 Executing VM operation: Cleanup done
Event: 30.925 Executing VM operation: HandshakeAllThreads
Event: 30.925 Executing VM operation: HandshakeAllThreads done
Event: 30.971 Executing VM operation: HandshakeAllThreads
Event: 30.971 Executing VM operation: HandshakeAllThreads done
Event: 30.986 Executing VM operation: HandshakeAllThreads
Event: 30.987 Executing VM operation: HandshakeAllThreads done
Event: 31.559 Executing VM operation: HandshakeAllThreads
Event: 31.559 Executing VM operation: HandshakeAllThreads done
Event: 32.571 Executing VM operation: Cleanup
Event: 32.571 Executing VM operation: Cleanup done
Event: 48.716 Executing VM operation: Cleanup
Event: 48.716 Executing VM operation: Cleanup done
Event: 56.776 Executing VM operation: Cleanup
Event: 56.776 Executing VM operation: Cleanup done

Events (20 events):
Event: 56.305 loading class java/nio/channels/WritePendingException
Event: 56.306 loading class java/nio/channels/WritePendingException done
Event: 56.323 loading class java/util/concurrent/Semaphore
Event: 56.323 loading class java/util/concurrent/Semaphore done
Event: 56.324 loading class java/util/concurrent/Semaphore$NonfairSync
Event: 56.324 loading class java/util/concurrent/Semaphore$Sync
Event: 56.324 loading class java/util/concurrent/Semaphore$Sync done
Event: 56.324 loading class java/util/concurrent/Semaphore$NonfairSync done
Event: 56.324 loading class sun/nio/ch/SocketAdaptor
Event: 56.325 loading class sun/nio/ch/SocketAdaptor done
Event: 56.326 loading class sun/nio/ch/SocketChannelImpl$DefaultOptionsHolder
Event: 56.326 loading class sun/nio/ch/SocketChannelImpl$DefaultOptionsHolder done
Event: 56.330 loading class sun/nio/ch/SelectionKeyImpl
Event: 56.330 loading class java/nio/channels/spi/AbstractSelectionKey
Event: 56.331 loading class java/nio/channels/SelectionKey
Event: 56.331 loading class java/nio/channels/SelectionKey done
Event: 56.331 loading class java/nio/channels/spi/AbstractSelectionKey done
Event: 56.331 loading class sun/nio/ch/SelectionKeyImpl done
Event: 56.331 loading class java/lang/invoke/ConstantBootstraps
Event: 56.332 loading class java/lang/invoke/ConstantBootstraps done


Dynamic libraries:
0x00007ff7e7700000 - 0x00007ff7e770e000 	C:\Users\BHMANASA\.p2\pool\plugins\org.eclipse.justj.openjdk.hotspot.jre.full.win32.x86_64_17.0.5.v20221102-0933\jre\bin\javaw.exe
0x00007ffe0aa50000 - 0x00007ffe0ac64000 	C:\WINDOWS\SYSTEM32\ntdll.dll
0x00007ffe09810000 - 0x00007ffe098d4000 	C:\WINDOWS\System32\KERNEL32.DLL
0x00007ffe07e30000 - 0x00007ffe081d4000 	C:\WINDOWS\System32\KERNELBASE.dll
0x00007ffe08280000 - 0x00007ffe08391000 	C:\WINDOWS\System32\ucrtbase.dll
0x00007ffe03e40000 - 0x00007ffe03e57000 	C:\Users\BHMANASA\.p2\pool\plugins\org.eclipse.justj.openjdk.hotspot.jre.full.win32.x86_64_17.0.5.v20221102-0933\jre\bin\jli.dll
0x00007ffdfe660000 - 0x00007ffdfe679000 	C:\Users\BHMANASA\.p2\pool\plugins\org.eclipse.justj.openjdk.hotspot.jre.full.win32.x86_64_17.0.5.v20221102-0933\jre\bin\VCRUNTIME140.dll
0x00007ffe08e10000 - 0x00007ffe08fba000 	C:\WINDOWS\System32\USER32.dll
0x00007ffe086c0000 - 0x00007ffe086e6000 	C:\WINDOWS\System32\win32u.dll
0x00007ffde8ea0000 - 0x00007ffde912f000 	C:\WINDOWS\WinSxS\amd64_microsoft.windows.common-controls_6595b64144ccf1df_6.0.22621.2070_none_2713e6537381f706\COMCTL32.dll
0x00007ffe098e0000 - 0x00007ffe09909000 	C:\WINDOWS\System32\GDI32.dll
0x00007ffe0a1b0000 - 0x00007ffe0a257000 	C:\WINDOWS\System32\msvcrt.dll
0x00007ffe086f0000 - 0x00007ffe08809000 	C:\WINDOWS\System32\gdi32full.dll
0x00007ffe081e0000 - 0x00007ffe0827a000 	C:\WINDOWS\System32\msvcp_win.dll
0x00007ffe08af0000 - 0x00007ffe08b21000 	C:\WINDOWS\System32\IMM32.DLL
0x000001e80edb0000 - 0x000001e80edc4000 	C:\WINDOWS\System32\umppc17212.dll
0x00007ffe07bd0000 - 0x00007ffe07ce0000 	C:\Program Files\Avecto\Privilege Guard Client\PGHook.dll
0x00007ffdf5300000 - 0x00007ffdf530c000 	C:\Users\BHMANASA\.p2\pool\plugins\org.eclipse.justj.openjdk.hotspot.jre.full.win32.x86_64_17.0.5.v20221102-0933\jre\bin\vcruntime140_1.dll
0x00007ffdd3950000 - 0x00007ffdd39e1000 	C:\Users\BHMANASA\.p2\pool\plugins\org.eclipse.justj.openjdk.hotspot.jre.full.win32.x86_64_17.0.5.v20221102-0933\jre\bin\msvcp140.dll
0x00007ffdb5ea0000 - 0x00007ffdb6ae4000 	C:\Users\BHMANASA\.p2\pool\plugins\org.eclipse.justj.openjdk.hotspot.jre.full.win32.x86_64_17.0.5.v20221102-0933\jre\bin\server\jvm.dll
0x00007ffe08c60000 - 0x00007ffe08d10000 	C:\WINDOWS\System32\ADVAPI32.dll
0x00007ffe08a40000 - 0x00007ffe08ae6000 	C:\WINDOWS\System32\sechost.dll
0x00007ffe08b30000 - 0x00007ffe08c47000 	C:\WINDOWS\System32\RPCRT4.dll
0x00007ffddc650000 - 0x00007ffddc659000 	C:\WINDOWS\SYSTEM32\WSOCK32.dll
0x00007ffe0a3f0000 - 0x00007ffe0a461000 	C:\WINDOWS\System32\WS2_32.dll
0x00007ffdfe4e0000 - 0x00007ffdfe514000 	C:\WINDOWS\SYSTEM32\WINMM.dll
0x00007ffdfdfa0000 - 0x00007ffdfdfaa000 	C:\WINDOWS\SYSTEM32\VERSION.dll
0x00007ffe06be0000 - 0x00007ffe06bf8000 	C:\WINDOWS\SYSTEM32\kernel.appcore.dll
0x00007ffe007b0000 - 0x00007ffe007ba000 	C:\Users\BHMANASA\.p2\pool\plugins\org.eclipse.justj.openjdk.hotspot.jre.full.win32.x86_64_17.0.5.v20221102-0933\jre\bin\jimage.dll
0x00007ffe052c0000 - 0x00007ffe054ee000 	C:\WINDOWS\SYSTEM32\DBGHELP.DLL
0x00007ffe0a610000 - 0x00007ffe0a99a000 	C:\WINDOWS\System32\combase.dll
0x00007ffe08d20000 - 0x00007ffe08df7000 	C:\WINDOWS\System32\OLEAUT32.dll
0x00007ffdea0a0000 - 0x00007ffdea0d2000 	C:\WINDOWS\SYSTEM32\dbgcore.DLL
0x00007ffe08510000 - 0x00007ffe0858a000 	C:\WINDOWS\System32\bcryptPrimitives.dll
0x00007ffdec140000 - 0x00007ffdec165000 	C:\Users\BHMANASA\.p2\pool\plugins\org.eclipse.justj.openjdk.hotspot.jre.full.win32.x86_64_17.0.5.v20221102-0933\jre\bin\java.dll
0x00007ffdf5050000 - 0x00007ffdf5068000 	C:\Users\BHMANASA\.p2\pool\plugins\org.eclipse.justj.openjdk.hotspot.jre.full.win32.x86_64_17.0.5.v20221102-0933\jre\bin\zip.dll
0x00007ffe09990000 - 0x00007ffe0a1a6000 	C:\WINDOWS\System32\SHELL32.dll
0x00007ffe059d0000 - 0x00007ffe062ba000 	C:\WINDOWS\SYSTEM32\windows.storage.dll
0x00007ffe05870000 - 0x00007ffe059ae000 	C:\WINDOWS\SYSTEM32\wintypes.dll
0x00007ffe08fe0000 - 0x00007ffe090d3000 	C:\WINDOWS\System32\SHCORE.dll
0x00007ffe09750000 - 0x00007ffe097ae000 	C:\WINDOWS\System32\shlwapi.dll
0x00007ffe07d60000 - 0x00007ffe07d86000 	C:\WINDOWS\SYSTEM32\profapi.dll
0x00007ffdf44f0000 - 0x00007ffdf4509000 	C:\Users\BHMANASA\.p2\pool\plugins\org.eclipse.justj.openjdk.hotspot.jre.full.win32.x86_64_17.0.5.v20221102-0933\jre\bin\net.dll
0x00007ffe06c50000 - 0x00007ffe06d87000 	C:\WINDOWS\SYSTEM32\WINHTTP.dll
0x00007ffe071e0000 - 0x00007ffe07249000 	C:\WINDOWS\system32\mswsock.dll
0x00007ffdf2c50000 - 0x00007ffdf2c65000 	C:\Users\BHMANASA\.p2\pool\plugins\org.eclipse.justj.openjdk.hotspot.jre.full.win32.x86_64_17.0.5.v20221102-0933\jre\bin\nio.dll
0x00007ffdf52f0000 - 0x00007ffdf52f9000 	C:\Users\BHMANASA\.p2\pool\plugins\org.eclipse.justj.openjdk.hotspot.jre.full.win32.x86_64_17.0.5.v20221102-0933\jre\bin\management.dll
0x00007ffdf5090000 - 0x00007ffdf509b000 	C:\Users\BHMANASA\.p2\pool\plugins\org.eclipse.justj.openjdk.hotspot.jre.full.win32.x86_64_17.0.5.v20221102-0933\jre\bin\management_ext.dll
0x00007ffe09560000 - 0x00007ffe09568000 	C:\WINDOWS\System32\PSAPI.DLL
0x00007ffe06510000 - 0x00007ffe0653d000 	C:\WINDOWS\SYSTEM32\IPHLPAPI.DLL
0x00007ffe08c50000 - 0x00007ffe08c59000 	C:\WINDOWS\System32\NSI.dll
0x00007ffdff120000 - 0x00007ffdff139000 	C:\WINDOWS\SYSTEM32\dhcpcsvc6.DLL
0x00007ffdff100000 - 0x00007ffdff11f000 	C:\WINDOWS\SYSTEM32\dhcpcsvc.DLL
0x00007ffe06540000 - 0x00007ffe06633000 	C:\WINDOWS\SYSTEM32\DNSAPI.dll
0x00007ffdf5560000 - 0x00007ffdf556a000 	C:\Windows\System32\rasadhlp.dll
0x00007ffe00600000 - 0x00007ffe00684000 	C:\WINDOWS\System32\fwpuclnt.dll
0x00007ffe07480000 - 0x00007ffe0749b000 	C:\WINDOWS\SYSTEM32\CRYPTSP.dll
0x00007ffe06ba0000 - 0x00007ffe06bd5000 	C:\WINDOWS\system32\rsaenh.dll
0x00007ffe07280000 - 0x00007ffe072ac000 	C:\WINDOWS\SYSTEM32\USERENV.dll
0x00007ffe075a0000 - 0x00007ffe075c8000 	C:\WINDOWS\SYSTEM32\bcrypt.dll
0x00007ffe07460000 - 0x00007ffe0746c000 	C:\WINDOWS\SYSTEM32\CRYPTBASE.dll
0x00007ffe03e80000 - 0x00007ffe03e8e000 	C:\Users\BHMANASA\.p2\pool\plugins\org.eclipse.justj.openjdk.hotspot.jre.full.win32.x86_64_17.0.5.v20221102-0933\jre\bin\sunmscapi.dll
0x00007ffe083a0000 - 0x00007ffe08507000 	C:\WINDOWS\System32\CRYPT32.dll
0x00007ffe07570000 - 0x00007ffe0759e000 	C:\WINDOWS\SYSTEM32\ncrypt.dll
0x00007ffe07530000 - 0x00007ffe07567000 	C:\WINDOWS\SYSTEM32\NTASN1.dll
0x00007ffdf2a30000 - 0x00007ffdf2a40000 	C:\Users\BHMANASA\.p2\pool\plugins\org.eclipse.justj.openjdk.hotspot.jre.full.win32.x86_64_17.0.5.v20221102-0933\jre\bin\verify.dll
0x00007ffe02bc0000 - 0x00007ffe02bc8000 	C:\WINDOWS\system32\wshunix.dll

dbghelp: loaded successfully - version: 4.0.5 - missing functions: none
symbol engine: initialized successfully - sym options: 0x614 - pdb path: .;C:\Users\BHMANASA\.p2\pool\plugins\org.eclipse.justj.openjdk.hotspot.jre.full.win32.x86_64_17.0.5.v20221102-0933\jre\bin;C:\WINDOWS\SYSTEM32;C:\WINDOWS\WinSxS\amd64_microsoft.windows.common-controls_6595b64144ccf1df_6.0.22621.2070_none_2713e6537381f706;C:\Program Files\Avecto\Privilege Guard Client;C:\Users\BHMANASA\.p2\pool\plugins\org.eclipse.justj.openjdk.hotspot.jre.full.win32.x86_64_17.0.5.v20221102-0933\jre\bin\server

VM Arguments:
jvm_args: -Dfile.encoding=UTF-8 -XX:+ShowCodeDetailsInExceptionMessages 
java_command: com.example.electricityBillingSystem.ElectricityBillingSystemApplication
java_class_path (initial): C:\Users\BHMANASA\Downloads\electricityBillingSystem\electricityBillingSystem\target\classes;C:\Users\BHMANASA\.m2\repository\org\springframework\boot\spring-boot-starter-data-jpa\3.1.2\spring-boot-starter-data-jpa-3.1.2.jar;C:\Users\BHMANASA\.m2\repository\org\springframework\boot\spring-boot-starter-aop\3.1.2\spring-boot-starter-aop-3.1.2.jar;C:\Users\BHMANASA\.m2\repository\org\springframework\spring-aop\6.0.11\spring-aop-6.0.11.jar;C:\Users\BHMANASA\.m2\repository\org\aspectj\aspectjweaver\1.9.19\aspectjweaver-1.9.19.jar;C:\Users\BHMANASA\.m2\repository\org\springframework\boot\spring-boot-starter-jdbc\3.1.2\spring-boot-starter-jdbc-3.1.2.jar;C:\Users\BHMANASA\.m2\repository\com\zaxxer\HikariCP\5.0.1\HikariCP-5.0.1.jar;C:\Users\BHMANASA\.m2\repository\org\springframework\spring-jdbc\6.0.11\spring-jdbc-6.0.11.jar;C:\Users\BHMANASA\.m2\repository\org\hibernate\orm\hibernate-core\6.2.6.Final\hibernate-core-6.2.6.Final.jar;C:\Users\BHMANASA\.m2\repository\jakarta\persistence\jakarta.persistence-api\3.1.0\jakarta.persistence-api-3.1.0.jar;C:\Users\BHMANASA\.m2\repository\jakarta\transaction\jakarta.transaction-api\2.0.1\jakarta.transaction-api-2.0.1.jar;C:\Users\BHMANASA\.m2\repository\org\hibernate\common\hibernate-commons-annotations\6.0.6.Final\hibernate-commons-annotations-6.0.6.Final.jar;C:\Users\BHMANASA\.m2\repository\io\smallrye\jandex\3.0.5\jandex-3.0.5.jar;C:\Users\BHMANASA\.m2\repository\net\bytebuddy\byte-buddy\1.14.5\byte-buddy-1.14.5.jar;C:\Users\BHMANASA\.m2\repository\org\glassfish\jaxb\jaxb-runtime\4.0.3\jaxb-runtime-4.0.3.jar;C:\Users\BHMANASA\.m2\repository\org\glassfish\jaxb\jaxb-core\4.0.3\jaxb-core-4.0.3.jar;C:\Users\BHMANASA\.m2\repository\org\eclipse\angus\angus-activation\2.0.1\angus-activation-2.0.1.jar;C:\Users\BHMANASA\.m2\repository\org\glassfish\jaxb\txw2\4.0.3\txw2-4.0.3.jar;C:\Users\BHMANASA\.m2\repository\com\sun\istack\istack-commons-runtime\4.1.2\istack-commons-runtime-4.1.2.jar;C:\Users\BHMANASA\.m2\rep
Launcher Type: SUN_STANDARD

[Global flags]
     intx CICompilerCount                          = 4                                         {product} {ergonomic}
     uint ConcGCThreads                            = 2                                         {product} {ergonomic}
     uint G1ConcRefinementThreads                  = 8                                         {product} {ergonomic}
   size_t G1HeapRegionSize                         = 1048576                                   {product} {ergonomic}
    uintx GCDrainStackTargetSize                   = 64                                        {product} {ergonomic}
   size_t InitialHeapSize                          = 100663296                                 {product} {ergonomic}
   size_t MarkStackSize                            = 4194304                                   {product} {ergonomic}
   size_t MaxHeapSize                              = 1593835520                                {product} {ergonomic}
   size_t MaxNewSize                               = 956301312                                 {product} {ergonomic}
   size_t MinHeapDeltaBytes                        = 1048576                                   {product} {ergonomic}
   size_t MinHeapSize                              = 8388608                                   {product} {ergonomic}
    uintx NonNMethodCodeHeapSize                   = 5839372                                {pd product} {ergonomic}
    uintx NonProfiledCodeHeapSize                  = 122909434                              {pd product} {ergonomic}
    uintx ProfiledCodeHeapSize                     = 122909434                              {pd product} {ergonomic}
    uintx ReservedCodeCacheSize                    = 251658240                              {pd product} {ergonomic}
     bool SegmentedCodeCache                       = true                                      {product} {ergonomic}
     bool ShowCodeDetailsInExceptionMessages       = true                                   {manageable} {command line}
   size_t SoftMaxHeapSize                          = 1593835520                             {manageable} {ergonomic}
     bool UseCompressedClassPointers               = true                           {product lp64_product} {ergonomic}
     bool UseCompressedOops                        = true                           {product lp64_product} {ergonomic}
     bool UseG1GC                                  = true                                      {product} {ergonomic}
     bool UseLargePagesIndividualAllocation        = false                                  {pd product} {ergonomic}

Logging:
Log output configuration:
 #0: stdout all=warning uptime,level,tags
 #1: stderr all=off uptime,level,tags

Environment Variables:
PATH=C:/Users/BHMANASA/.p2/pool/plugins/org.eclipse.justj.openjdk.hotspot.jre.full.win32.x86_64_17.0.5.v20221102-0933/jre/bin/server;C:/Users/BHMANASA/.p2/pool/plugins/org.eclipse.justj.openjdk.hotspot.jre.full.win32.x86_64_17.0.5.v20221102-0933/jre/bin;C:\Program Files\Eclipse Adoptium\jdk-17.0.3.7-hotspot\bin;C:\WINDOWS\system32;C:\WINDOWS;C:\WINDOWS\System32\Wbem;C:\WINDOWS\System32\WindowsPowerShell\v1.0\;C:\WINDOWS\System32\OpenSSH\;C:\Program Files\Git\cmd;C:\Program Files\PuTTY\;C:\Program Files\dotnet\;C:\Program Files\Microsoft VS Code\bin;%AppData%\npm;C:\Program Files\nodejs\;C:\Users\BHMANASA\AppData\Local\Microsoft\WindowsApps;C:\Users\BHMANASA\.dotnet\tools;C:\Users\BHMANASA\AppData\Roaming\npm;;C:\Users\BHMANASA\eclipse\jee-2022-122\eclipse;
USERNAME=bhmanasa
OS=Windows_NT
PROCESSOR_IDENTIFIER=AMD64 Family 23 Model 24 Stepping 1, AuthenticAMD
TMP=C:\Users\BHMANASA\AppData\Local\Temp
TEMP=C:\Users\BHMANASA\AppData\Local\Temp



---------------  S Y S T E M  ---------------

OS:
 Windows 11 , 64 bit Build 22621 (10.0.22621.2070)
OS uptime: 7 days 16:05 hours
Hyper-V role detected

CPU: total 8 (initial active 8) (8 cores per cpu, 2 threads per core) family 23 model 24 stepping 1 microcode 0x0, cx8, cmov, fxsr, ht, mmx, 3dnowpref, sse, sse2, sse3, ssse3, sse4a, sse4.1, sse4.2, popcnt, lzcnt, tsc, tscinvbit, avx, avx2, aes, clmul, bmi1, bmi2, adx, sha, fma, vzeroupper, clflush, clflushopt, hv

Memory: 4k page, system-wide physical 6077M (223M free)
TotalPageFile size 24509M (AvailPageFile size 0M)
current process WorkingSet (physical memory assigned to process): 342M, peak: 378M
current process commit charge ("private bytes"): 408M, peak: 431M

vm_info: OpenJDK 64-Bit Server VM (17.0.5+8) for windows-amd64 JRE (17.0.5+8), built on Oct 19 2022 04:48:13 by "temurin" with MS VC++ 16.7 (VS2019)

END.
